# JRE version: OpenJDK Runtime Environment (17.0.11) (build 17.0.11+0--11852314)
# Java VM: OpenJDK 64-Bit Server VM (17.0.11+0--11852314, mixed mode, tiered, compressed oops, compressed class ptrs, g1 gc, windows-amd64)
GC Precious Log:
 CPUs: 12 total, 12 available
 Memory: 7501M
 Large Page Support: Disabled
 NUMA Support: Disabled
 Compressed Oops: Enabled (32-bit)
 Heap Region Size: 1M
 Heap Min Capacity: 8M
 Heap Initial Capacity: 118M
 Heap Max Capacity: 2G
 Pre-touch: Disabled
 Parallel Workers: 10
 Concurrent Workers: 3
 Concurrent Refinement Workers: 10
 Periodic GC: Disabled
Heap:
 garbage-first heap   total 331776K, used 158698K [0x0000000080000000, 0x0000000100000000)
  region size 1024K, 50 young (51200K), 10 survivors (10240K)
 Metaspace       used 121930K, committed 122752K, reserved 1179648K
  class space    used 16368K, committed 16768K, reserved 1048576K
GC Heap History (20 events):
Event: 23.025 GC heap before
{Heap before GC invocations=37 (full 0):
 garbage-first heap   total 148480K, used 117161K [0x0000000080000000, 0x0000000100000000)
  region size 1024K, 33 young (33792K), 3 survivors (3072K)
 Metaspace       used 87574K, committed 88128K, reserved 1179648K
  class space    used 11789K, committed 12032K, reserved 1048576K
}
Event: 23.030 GC heap after
{Heap after GC invocations=38 (full 0):
 garbage-first heap   total 148480K, used 90015K [0x0000000080000000, 0x0000000100000000)
  region size 1024K, 5 young (5120K), 5 survivors (5120K)
 Metaspace       used 87574K, committed 88128K, reserved 1179648K
  class space    used 11789K, committed 12032K, reserved 1048576K
}
Event: 23.067 GC heap before
{Heap before GC invocations=38 (full 0):
 garbage-first heap   total 148480K, used 92063K [0x0000000080000000, 0x0000000100000000)
  region size 1024K, 7 young (7168K), 5 survivors (5120K)
 Metaspace       used 87575K, committed 88128K, reserved 1179648K
  class space    used 11789K, committed 12032K, reserved 1048576K
}
Event: 23.071 GC heap after
{Heap after GC invocations=39 (full 0):
 garbage-first heap   total 148480K, used 89583K [0x0000000080000000, 0x0000000100000000)
  region size 1024K, 1 young (1024K), 1 survivors (1024K)
 Metaspace       used 87575K, committed 88128K, reserved 1179648K
  class space    used 11789K, committed 12032K, reserved 1048576K
}
Event: 23.785 GC heap before
{Heap before GC invocations=39 (full 0):
 garbage-first heap   total 148480K, used 123375K [0x0000000080000000, 0x0000000100000000)
  region size 1024K, 34 young (34816K), 1 survivors (1024K)
 Metaspace       used 89793K, committed 90432K, reserved 1179648K
  class space    used 12084K, committed 12352K, reserved 1048576K
}
Event: 23.789 GC heap after
{Heap after GC invocations=40 (full 0):
 garbage-first heap   total 331776K, used 90852K [0x0000000080000000, 0x0000000100000000)
  region size 1024K, 3 young (3072K), 3 survivors (3072K)
 Metaspace       used 89793K, committed 90432K, reserved 1179648K
  class space    used 12084K, committed 12352K, reserved 1048576K
}
Event: 28.599 GC heap before
{Heap before GC invocations=40 (full 0):
 garbage-first heap   total 331776K, used 262884K [0x0000000080000000, 0x0000000100000000)
  region size 1024K, 170 young (174080K), 3 survivors (3072K)
 Metaspace       used 102095K, committed 102848K, reserved 1179648K
  class space    used 14094K, committed 14464K, reserved 1048576K
}
Event: 28.607 GC heap after
{Heap after GC invocations=41 (full 0):
 garbage-first heap   total 331776K, used 97670K [0x0000000080000000, 0x0000000100000000)
  region size 1024K, 9 young (9216K), 9 survivors (9216K)
 Metaspace       used 102095K, committed 102848K, reserved 1179648K
  class space    used 14094K, committed 14464K, reserved 1048576K
}
Event: 32.129 GC heap before
{Heap before GC invocations=41 (full 0):
 garbage-first heap   total 331776K, used 271750K [0x0000000080000000, 0x0000000100000000)
  region size 1024K, 175 young (179200K), 9 survivors (9216K)
 Metaspace       used 111871K, committed 112768K, reserved 1179648K
  class space    used 15370K, committed 15808K, reserved 1048576K
}
Event: 32.147 GC heap after
{Heap after GC invocations=42 (full 0):
 garbage-first heap   total 331776K, used 110475K [0x0000000080000000, 0x0000000100000000)
  region size 1024K, 22 young (22528K), 22 survivors (22528K)
 Metaspace       used 111871K, committed 112768K, reserved 1179648K
  class space    used 15370K, committed 15808K, reserved 1048576K
}
Event: 35.494 GC heap before
{Heap before GC invocations=42 (full 0):
 garbage-first heap   total 331776K, used 272267K [0x0000000080000000, 0x0000000100000000)
  region size 1024K, 173 young (177152K), 22 survivors (22528K)
 Metaspace       used 117761K, committed 118656K, reserved 1179648K
  class space    used 15934K, committed 16384K, reserved 1048576K
}
Event: 35.511 GC heap after
{Heap after GC invocations=43 (full 0):
 garbage-first heap   total 331776K, used 118762K [0x0000000080000000, 0x0000000100000000)
  region size 1024K, 9 young (9216K), 9 survivors (9216K)
 Metaspace       used 117761K, committed 118656K, reserved 1179648K
  class space    used 15934K, committed 16384K, reserved 1048576K
}
Event: 36.143 GC heap before
{Heap before GC invocations=43 (full 0):
 garbage-first heap   total 331776K, used 273386K [0x0000000080000000, 0x0000000100000000)
  region size 1024K, 158 young (161792K), 9 survivors (9216K)
 Metaspace       used 118709K, committed 119552K, reserved 1179648K
  class space    used 16013K, committed 16448K, reserved 1048576K
}
Event: 36.146 GC heap after
{Heap after GC invocations=44 (full 0):
 garbage-first heap   total 331776K, used 115882K [0x0000000080000000, 0x0000000100000000)
  region size 1024K, 5 young (5120K), 5 survivors (5120K)
 Metaspace       used 118709K, committed 119552K, reserved 1179648K
  class space    used 16013K, committed 16448K, reserved 1048576K
}
Event: 40.274 GC heap before
{Heap before GC invocations=44 (full 0):
 garbage-first heap   total 331776K, used 275626K [0x0000000080000000, 0x0000000100000000)
  region size 1024K, 160 young (163840K), 5 survivors (5120K)
 Metaspace       used 121747K, committed 122560K, reserved 1179648K
  class space    used 16360K, committed 16768K, reserved 1048576K
}
Event: 40.283 GC heap after
{Heap after GC invocations=45 (full 0):
 garbage-first heap   total 331776K, used 118231K [0x0000000080000000, 0x0000000100000000)
  region size 1024K, 9 young (9216K), 9 survivors (9216K)
 Metaspace       used 121747K, committed 122560K, reserved 1179648K
  class space    used 16360K, committed 16768K, reserved 1048576K
}
Event: 40.862 GC heap before
{Heap before GC invocations=45 (full 0):
 garbage-first heap   total 331776K, used 273879K [0x0000000080000000, 0x0000000100000000)
  region size 1024K, 162 young (165888K), 9 survivors (9216K)
 Metaspace       used 121881K, committed 122688K, reserved 1179648K
  class space    used 16366K, committed 16768K, reserved 1048576K
}
Event: 40.868 GC heap after
{Heap after GC invocations=46 (full 0):
 garbage-first heap   total 331776K, used 119047K [0x0000000080000000, 0x0000000100000000)
  region size 1024K, 10 young (10240K), 10 survivors (10240K)
 Metaspace       used 121881K, committed 122688K, reserved 1179648K
  class space    used 16366K, committed 16768K, reserved 1048576K
}
Event: 41.432 GC heap before
{Heap before GC invocations=46 (full 0):
 garbage-first heap   total 331776K, used 276743K [0x0000000080000000, 0x0000000100000000)
  region size 1024K, 165 young (168960K), 10 survivors (10240K)
 Metaspace       used 121928K, committed 122752K, reserved 1179648K
  class space    used 16368K, committed 16768K, reserved 1048576K
}
Event: 41.438 GC heap after
{Heap after GC invocations=47 (full 0):
 garbage-first heap   total 331776K, used 119786K [0x0000000080000000, 0x0000000100000000)
  region size 1024K, 10 young (10240K), 10 survivors (10240K)
 Metaspace       used 121928K, committed 122752K, reserved 1179648K
  class space    used 16368K, committed 16768K, reserved 1048576K
}

