# JRE version: OpenJDK Runtime Environment (17.0.11) (build 17.0.11+0--11852314)
# Java VM: OpenJDK 64-Bit Server VM (17.0.11+0--11852314, mixed mode, tiered, compressed oops, compressed class ptrs, g1 gc, windows-amd64)
GC Precious Log:
 CPUs: 12 total, 12 available
 Memory: 7501M
 Large Page Support: Disabled
 NUMA Support: Disabled
 Compressed Oops: Enabled (32-bit)
 Heap Region Size: 1M
 Heap Min Capacity: 8M
 Heap Initial Capacity: 118M
 Heap Max Capacity: 2G
 Pre-touch: Disabled
 Parallel Workers: 10
 Concurrent Workers: 3
 Concurrent Refinement Workers: 10
 Periodic GC: Disabled
Heap:
 garbage-first heap   total 163840K, used 112492K [0x0000000080000000, 0x0000000100000000)
  region size 1024K, 2 young (2048K), 2 survivors (2048K)
 Metaspace       used 106716K, committed 107520K, reserved 1179648K
  class space    used 14678K, committed 15104K, reserved 1048576K
GC Heap History (20 events):
Event: 25.154 GC heap after
{Heap after GC invocations=41 (full 0):
 garbage-first heap   total 163840K, used 97610K [0x0000000080000000, 0x0000000100000000)
  region size 1024K, 5 young (5120K), 5 survivors (5120K)
 Metaspace       used 99451K, committed 100224K, reserved 1179648K
  class space    used 13761K, committed 14144K, reserved 1048576K
}
Event: 25.268 GC heap before
{Heap before GC invocations=41 (full 0):
 garbage-first heap   total 163840K, used 100682K [0x0000000080000000, 0x0000000100000000)
  region size 1024K, 8 young (8192K), 5 survivors (5120K)
 Metaspace       used 99593K, committed 100352K, reserved 1179648K
  class space    used 13780K, committed 14144K, reserved 1048576K
}
Event: 25.272 GC heap after
{Heap after GC invocations=42 (full 0):
 garbage-first heap   total 163840K, used 96209K [0x0000000080000000, 0x0000000100000000)
  region size 1024K, 1 young (1024K), 1 survivors (1024K)
 Metaspace       used 99593K, committed 100352K, reserved 1179648K
  class space    used 13780K, committed 14144K, reserved 1048576K
}
Event: 25.870 GC heap before
{Heap before GC invocations=42 (full 0):
 garbage-first heap   total 163840K, used 138193K [0x0000000080000000, 0x0000000100000000)
  region size 1024K, 43 young (44032K), 1 survivors (1024K)
 Metaspace       used 102085K, committed 102848K, reserved 1179648K
  class space    used 14064K, committed 14464K, reserved 1048576K
}
Event: 25.874 GC heap after
{Heap after GC invocations=43 (full 0):
 garbage-first heap   total 163840K, used 101307K [0x0000000080000000, 0x0000000100000000)
  region size 1024K, 6 young (6144K), 6 survivors (6144K)
 Metaspace       used 102085K, committed 102848K, reserved 1179648K
  class space    used 14064K, committed 14464K, reserved 1048576K
}
Event: 28.620 GC heap before
{Heap before GC invocations=43 (full 0):
 garbage-first heap   total 163840K, used 142267K [0x0000000080000000, 0x0000000100000000)
  region size 1024K, 41 young (41984K), 6 survivors (6144K)
 Metaspace       used 104738K, committed 105472K, reserved 1179648K
  class space    used 14376K, committed 14720K, reserved 1048576K
}
Event: 28.626 GC heap after
{Heap after GC invocations=44 (full 0):
 garbage-first heap   total 163840K, used 106072K [0x0000000080000000, 0x0000000100000000)
  region size 1024K, 5 young (5120K), 5 survivors (5120K)
 Metaspace       used 104738K, committed 105472K, reserved 1179648K
  class space    used 14376K, committed 14720K, reserved 1048576K
}
Event: 28.959 GC heap before
{Heap before GC invocations=44 (full 0):
 garbage-first heap   total 163840K, used 135768K [0x0000000080000000, 0x0000000100000000)
  region size 1024K, 35 young (35840K), 5 survivors (5120K)
 Metaspace       used 105199K, committed 105984K, reserved 1179648K
  class space    used 14466K, committed 14848K, reserved 1048576K
}
Event: 28.963 GC heap after
{Heap after GC invocations=45 (full 0):
 garbage-first heap   total 163840K, used 107601K [0x0000000080000000, 0x0000000100000000)
  region size 1024K, 4 young (4096K), 4 survivors (4096K)
 Metaspace       used 105199K, committed 105984K, reserved 1179648K
  class space    used 14466K, committed 14848K, reserved 1048576K
}
Event: 29.450 GC heap before
{Heap before GC invocations=45 (full 0):
 garbage-first heap   total 163840K, used 135249K [0x0000000080000000, 0x0000000100000000)
  region size 1024K, 32 young (32768K), 4 survivors (4096K)
 Metaspace       used 105990K, committed 106752K, reserved 1179648K
  class space    used 14585K, committed 14976K, reserved 1048576K
}
Event: 29.453 GC heap after
{Heap after GC invocations=46 (full 0):
 garbage-first heap   total 163840K, used 109030K [0x0000000080000000, 0x0000000100000000)
  region size 1024K, 4 young (4096K), 4 survivors (4096K)
 Metaspace       used 105990K, committed 106752K, reserved 1179648K
  class space    used 14585K, committed 14976K, reserved 1048576K
}
Event: 29.843 GC heap before
{Heap before GC invocations=46 (full 0):
 garbage-first heap   total 163840K, used 135654K [0x0000000080000000, 0x0000000100000000)
  region size 1024K, 31 young (31744K), 4 survivors (4096K)
 Metaspace       used 106412K, committed 107200K, reserved 1179648K
  class space    used 14637K, committed 15040K, reserved 1048576K
}
Event: 29.847 GC heap after
{Heap after GC invocations=47 (full 0):
 garbage-first heap   total 163840K, used 110524K [0x0000000080000000, 0x0000000100000000)
  region size 1024K, 4 young (4096K), 4 survivors (4096K)
 Metaspace       used 106412K, committed 107200K, reserved 1179648K
  class space    used 14637K, committed 15040K, reserved 1048576K
}
Event: 29.993 GC heap before
{Heap before GC invocations=47 (full 0):
 garbage-first heap   total 163840K, used 136124K [0x0000000080000000, 0x0000000100000000)
  region size 1024K, 30 young (30720K), 4 survivors (4096K)
 Metaspace       used 106652K, committed 107456K, reserved 1179648K
  class space    used 14676K, committed 15104K, reserved 1048576K
}
Event: 29.996 GC heap after
{Heap after GC invocations=48 (full 0):
 garbage-first heap   total 163840K, used 111133K [0x0000000080000000, 0x0000000100000000)
  region size 1024K, 3 young (3072K), 3 survivors (3072K)
 Metaspace       used 106652K, committed 107456K, reserved 1179648K
  class space    used 14676K, committed 15104K, reserved 1048576K
}
Event: 30.055 GC heap before
{Heap before GC invocations=48 (full 0):
 garbage-first heap   total 163840K, used 135709K [0x0000000080000000, 0x0000000100000000)
  region size 1024K, 28 young (28672K), 3 survivors (3072K)
 Metaspace       used 106703K, committed 107520K, reserved 1179648K
  class space    used 14677K, committed 15104K, reserved 1048576K
}
Event: 30.057 GC heap after
{Heap after GC invocations=49 (full 0):
 garbage-first heap   total 163840K, used 111642K [0x0000000080000000, 0x0000000100000000)
  region size 1024K, 1 young (1024K), 1 survivors (1024K)
 Metaspace       used 106703K, committed 107520K, reserved 1179648K
  class space    used 14677K, committed 15104K, reserved 1048576K
}
Event: 30.122 GC heap before
{Heap before GC invocations=49 (full 0):
 garbage-first heap   total 163840K, used 138266K [0x0000000080000000, 0x0000000100000000)
  region size 1024K, 28 young (28672K), 1 survivors (1024K)
 Metaspace       used 106713K, committed 107520K, reserved 1179648K
  class space    used 14678K, committed 15104K, reserved 1048576K
}
Event: 30.124 GC heap after
{Heap after GC invocations=50 (full 0):
 garbage-first heap   total 163840K, used 111827K [0x0000000080000000, 0x0000000100000000)
  region size 1024K, 2 young (2048K), 2 survivors (2048K)
 Metaspace       used 106713K, committed 107520K, reserved 1179648K
  class space    used 14678K, committed 15104K, reserved 1048576K
}
Event: 30.231 GC heap before
{Heap before GC invocations=50 (full 0):
 garbage-first heap   total 163840K, used 138451K [0x0000000080000000, 0x0000000100000000)
  region size 1024K, 29 young (29696K), 2 survivors (2048K)
 Metaspace       used 106716K, committed 107520K, reserved 1179648K
  class space    used 14678K, committed 15104K, reserved 1048576K
}

